Linked: (/home/mivia/ROS_Robotic_Ecercises/Exercise3/devel/.private/forward_kinematic_srv/lib/python2.7/dist-packages/forward_kinematic_srv/__init__.py, /home/mivia/ROS_Robotic_Ecercises/Exercise3/devel/lib/python2.7/dist-packages/forward_kinematic_srv/__init__.py)
Linked: (/home/mivia/ROS_Robotic_Ecercises/Exercise3/devel/.private/forward_kinematic_srv/lib/python2.7/dist-packages/forward_kinematic_srv/srv/_ForwardKinSrv.py, /home/mivia/ROS_Robotic_Ecercises/Exercise3/devel/lib/python2.7/dist-packages/forward_kinematic_srv/srv/_ForwardKinSrv.py)
Linked: (/home/mivia/ROS_Robotic_Ecercises/Exercise3/devel/.private/forward_kinematic_srv/lib/python2.7/dist-packages/forward_kinematic_srv/srv/__init__.py, /home/mivia/ROS_Robotic_Ecercises/Exercise3/devel/lib/python2.7/dist-packages/forward_kinematic_srv/srv/__init__.py)
Linked: (/home/mivia/ROS_Robotic_Ecercises/Exercise3/devel/.private/forward_kinematic_srv/lib/pkgconfig/forward_kinematic_srv.pc, /home/mivia/ROS_Robotic_Ecercises/Exercise3/devel/lib/pkgconfig/forward_kinematic_srv.pc)
Linked: (/home/mivia/ROS_Robotic_Ecercises/Exercise3/devel/.private/forward_kinematic_srv/include/forward_kinematic_srv/ForwardKinSrvRequest.h, /home/mivia/ROS_Robotic_Ecercises/Exercise3/devel/include/forward_kinematic_srv/ForwardKinSrvRequest.h)
Linked: (/home/mivia/ROS_Robotic_Ecercises/Exercise3/devel/.private/forward_kinematic_srv/include/forward_kinematic_srv/ForwardKinSrv.h, /home/mivia/ROS_Robotic_Ecercises/Exercise3/devel/include/forward_kinematic_srv/ForwardKinSrv.h)
Linked: (/home/mivia/ROS_Robotic_Ecercises/Exercise3/devel/.private/forward_kinematic_srv/include/forward_kinematic_srv/ForwardKinSrvResponse.h, /home/mivia/ROS_Robotic_Ecercises/Exercise3/devel/include/forward_kinematic_srv/ForwardKinSrvResponse.h)
Linked: (/home/mivia/ROS_Robotic_Ecercises/Exercise3/devel/.private/forward_kinematic_srv/share/gennodejs/ros/forward_kinematic_srv/_index.js, /home/mivia/ROS_Robotic_Ecercises/Exercise3/devel/share/gennodejs/ros/forward_kinematic_srv/_index.js)
Linked: (/home/mivia/ROS_Robotic_Ecercises/Exercise3/devel/.private/forward_kinematic_srv/share/gennodejs/ros/forward_kinematic_srv/srv/_index.js, /home/mivia/ROS_Robotic_Ecercises/Exercise3/devel/share/gennodejs/ros/forward_kinematic_srv/srv/_index.js)
Linked: (/home/mivia/ROS_Robotic_Ecercises/Exercise3/devel/.private/forward_kinematic_srv/share/gennodejs/ros/forward_kinematic_srv/srv/ForwardKinSrv.js, /home/mivia/ROS_Robotic_Ecercises/Exercise3/devel/share/gennodejs/ros/forward_kinematic_srv/srv/ForwardKinSrv.js)
Linked: (/home/mivia/ROS_Robotic_Ecercises/Exercise3/devel/.private/forward_kinematic_srv/share/common-lisp/ros/forward_kinematic_srv/srv/_package_ForwardKinSrv.lisp, /home/mivia/ROS_Robotic_Ecercises/Exercise3/devel/share/common-lisp/ros/forward_kinematic_srv/srv/_package_ForwardKinSrv.lisp)
Linked: (/home/mivia/ROS_Robotic_Ecercises/Exercise3/devel/.private/forward_kinematic_srv/share/common-lisp/ros/forward_kinematic_srv/srv/forward_kinematic_srv-srv.asd, /home/mivia/ROS_Robotic_Ecercises/Exercise3/devel/share/common-lisp/ros/forward_kinematic_srv/srv/forward_kinematic_srv-srv.asd)
Linked: (/home/mivia/ROS_Robotic_Ecercises/Exercise3/devel/.private/forward_kinematic_srv/share/common-lisp/ros/forward_kinematic_srv/srv/ForwardKinSrv.lisp, /home/mivia/ROS_Robotic_Ecercises/Exercise3/devel/share/common-lisp/ros/forward_kinematic_srv/srv/ForwardKinSrv.lisp)
Linked: (/home/mivia/ROS_Robotic_Ecercises/Exercise3/devel/.private/forward_kinematic_srv/share/common-lisp/ros/forward_kinematic_srv/srv/_package.lisp, /home/mivia/ROS_Robotic_Ecercises/Exercise3/devel/share/common-lisp/ros/forward_kinematic_srv/srv/_package.lisp)
Linked: (/home/mivia/ROS_Robotic_Ecercises/Exercise3/devel/.private/forward_kinematic_srv/share/forward_kinematic_srv/cmake/forward_kinematic_srv-msg-extras.cmake, /home/mivia/ROS_Robotic_Ecercises/Exercise3/devel/share/forward_kinematic_srv/cmake/forward_kinematic_srv-msg-extras.cmake)
Linked: (/home/mivia/ROS_Robotic_Ecercises/Exercise3/devel/.private/forward_kinematic_srv/share/forward_kinematic_srv/cmake/forward_kinematic_srvConfig-version.cmake, /home/mivia/ROS_Robotic_Ecercises/Exercise3/devel/share/forward_kinematic_srv/cmake/forward_kinematic_srvConfig-version.cmake)
Linked: (/home/mivia/ROS_Robotic_Ecercises/Exercise3/devel/.private/forward_kinematic_srv/share/forward_kinematic_srv/cmake/forward_kinematic_srvConfig.cmake, /home/mivia/ROS_Robotic_Ecercises/Exercise3/devel/share/forward_kinematic_srv/cmake/forward_kinematic_srvConfig.cmake)
Linked: (/home/mivia/ROS_Robotic_Ecercises/Exercise3/devel/.private/forward_kinematic_srv/share/forward_kinematic_srv/cmake/forward_kinematic_srv-msg-paths.cmake, /home/mivia/ROS_Robotic_Ecercises/Exercise3/devel/share/forward_kinematic_srv/cmake/forward_kinematic_srv-msg-paths.cmake)
Linked: (/home/mivia/ROS_Robotic_Ecercises/Exercise3/devel/.private/forward_kinematic_srv/share/roseus/ros/forward_kinematic_srv/manifest.l, /home/mivia/ROS_Robotic_Ecercises/Exercise3/devel/share/roseus/ros/forward_kinematic_srv/manifest.l)
Linked: (/home/mivia/ROS_Robotic_Ecercises/Exercise3/devel/.private/forward_kinematic_srv/share/roseus/ros/forward_kinematic_srv/srv/ForwardKinSrv.l, /home/mivia/ROS_Robotic_Ecercises/Exercise3/devel/share/roseus/ros/forward_kinematic_srv/srv/ForwardKinSrv.l)
