Determining if the pthread_create exist failed with the following output:
Change Dir: /home/mivia/ROS_Robotic_Ecercises/Exercise3/build/forward_kinematics/CMakeFiles/CMakeTmp

Run Build Command:"/usr/bin/make" "cmTC_434b4/fast"
/usr/bin/make -f CMakeFiles/cmTC_434b4.dir/build.make CMakeFiles/cmTC_434b4.dir/build
make[1]: Entering directory '/home/mivia/ROS_Robotic_Ecercises/Exercise3/build/forward_kinematics/CMakeFiles/CMakeTmp'
Building C object CMakeFiles/cmTC_434b4.dir/CheckSymbolExists.c.o
/usr/bin/cc    -o CMakeFiles/cmTC_434b4.dir/CheckSymbolExists.c.o   -c /home/mivia/ROS_Robotic_Ecercises/Exercise3/build/forward_kinematics/CMakeFiles/CMakeTmp/CheckSymbolExists.c
Linking C executable cmTC_434b4
/usr/bin/cmake -E cmake_link_script CMakeFiles/cmTC_434b4.dir/link.txt --verbose=1
/usr/bin/cc      -rdynamic CMakeFiles/cmTC_434b4.dir/CheckSymbolExists.c.o  -o cmTC_434b4 
CMakeFiles/cmTC_434b4.dir/CheckSymbolExists.c.o: In function `main':
CheckSymbolExists.c:(.text+0x1b): undefined reference to `pthread_create'
collect2: error: ld returned 1 exit status
CMakeFiles/cmTC_434b4.dir/build.make:97: recipe for target 'cmTC_434b4' failed
make[1]: *** [cmTC_434b4] Error 1
make[1]: Leaving directory '/home/mivia/ROS_Robotic_Ecercises/Exercise3/build/forward_kinematics/CMakeFiles/CMakeTmp'
Makefile:126: recipe for target 'cmTC_434b4/fast' failed
make: *** [cmTC_434b4/fast] Error 2

File /home/mivia/ROS_Robotic_Ecercises/Exercise3/build/forward_kinematics/CMakeFiles/CMakeTmp/CheckSymbolExists.c:
/* */
#include <pthread.h>

int main(int argc, char** argv)
{
  (void)argv;
#ifndef pthread_create
  return ((int*)(&pthread_create))[argc];
#else
  (void)argc;
  return 0;
#endif
}

Determining if the function pthread_create exists in the pthreads failed with the following output:
Change Dir: /home/mivia/ROS_Robotic_Ecercises/Exercise3/build/forward_kinematics/CMakeFiles/CMakeTmp

Run Build Command:"/usr/bin/make" "cmTC_bcdba/fast"
/usr/bin/make -f CMakeFiles/cmTC_bcdba.dir/build.make CMakeFiles/cmTC_bcdba.dir/build
make[1]: Entering directory '/home/mivia/ROS_Robotic_Ecercises/Exercise3/build/forward_kinematics/CMakeFiles/CMakeTmp'
Building C object CMakeFiles/cmTC_bcdba.dir/CheckFunctionExists.c.o
/usr/bin/cc   -DCHECK_FUNCTION_EXISTS=pthread_create   -o CMakeFiles/cmTC_bcdba.dir/CheckFunctionExists.c.o   -c /usr/share/cmake-3.10/Modules/CheckFunctionExists.c
Linking C executable cmTC_bcdba
/usr/bin/cmake -E cmake_link_script CMakeFiles/cmTC_bcdba.dir/link.txt --verbose=1
/usr/bin/cc  -DCHECK_FUNCTION_EXISTS=pthread_create    -rdynamic CMakeFiles/cmTC_bcdba.dir/CheckFunctionExists.c.o  -o cmTC_bcdba -lpthreads 
/usr/bin/ld: cannot find -lpthreads
collect2: error: ld returned 1 exit status
CMakeFiles/cmTC_bcdba.dir/build.make:97: recipe for target 'cmTC_bcdba' failed
make[1]: *** [cmTC_bcdba] Error 1
make[1]: Leaving directory '/home/mivia/ROS_Robotic_Ecercises/Exercise3/build/forward_kinematics/CMakeFiles/CMakeTmp'
Makefile:126: recipe for target 'cmTC_bcdba/fast' failed
make: *** [cmTC_bcdba/fast] Error 2


