Determining if the pthread_create exist failed with the following output:
Change Dir: /home/mivia/ROS_Robotic_Ecercises/Exercise3/build/forward_kinematic_srv/CMakeFiles/CMakeTmp

Run Build Command:"/usr/bin/make" "cmTC_7dbac/fast"
/usr/bin/make -f CMakeFiles/cmTC_7dbac.dir/build.make CMakeFiles/cmTC_7dbac.dir/build
make[1]: Entering directory '/home/mivia/ROS_Robotic_Ecercises/Exercise3/build/forward_kinematic_srv/CMakeFiles/CMakeTmp'
Building C object CMakeFiles/cmTC_7dbac.dir/CheckSymbolExists.c.o
/usr/bin/cc    -o CMakeFiles/cmTC_7dbac.dir/CheckSymbolExists.c.o   -c /home/mivia/ROS_Robotic_Ecercises/Exercise3/build/forward_kinematic_srv/CMakeFiles/CMakeTmp/CheckSymbolExists.c
Linking C executable cmTC_7dbac
/usr/bin/cmake -E cmake_link_script CMakeFiles/cmTC_7dbac.dir/link.txt --verbose=1
/usr/bin/cc      -rdynamic CMakeFiles/cmTC_7dbac.dir/CheckSymbolExists.c.o  -o cmTC_7dbac 
CMakeFiles/cmTC_7dbac.dir/CheckSymbolExists.c.o: In function `main':
CheckSymbolExists.c:(.text+0x1b): undefined reference to `pthread_create'
collect2: error: ld returned 1 exit status
CMakeFiles/cmTC_7dbac.dir/build.make:97: recipe for target 'cmTC_7dbac' failed
make[1]: *** [cmTC_7dbac] Error 1
make[1]: Leaving directory '/home/mivia/ROS_Robotic_Ecercises/Exercise3/build/forward_kinematic_srv/CMakeFiles/CMakeTmp'
Makefile:126: recipe for target 'cmTC_7dbac/fast' failed
make: *** [cmTC_7dbac/fast] Error 2

File /home/mivia/ROS_Robotic_Ecercises/Exercise3/build/forward_kinematic_srv/CMakeFiles/CMakeTmp/CheckSymbolExists.c:
/* */
#include <pthread.h>

int main(int argc, char** argv)
{
  (void)argv;
#ifndef pthread_create
  return ((int*)(&pthread_create))[argc];
#else
  (void)argc;
  return 0;
#endif
}

Determining if the function pthread_create exists in the pthreads failed with the following output:
Change Dir: /home/mivia/ROS_Robotic_Ecercises/Exercise3/build/forward_kinematic_srv/CMakeFiles/CMakeTmp

Run Build Command:"/usr/bin/make" "cmTC_0eb5e/fast"
/usr/bin/make -f CMakeFiles/cmTC_0eb5e.dir/build.make CMakeFiles/cmTC_0eb5e.dir/build
make[1]: Entering directory '/home/mivia/ROS_Robotic_Ecercises/Exercise3/build/forward_kinematic_srv/CMakeFiles/CMakeTmp'
Building C object CMakeFiles/cmTC_0eb5e.dir/CheckFunctionExists.c.o
/usr/bin/cc   -DCHECK_FUNCTION_EXISTS=pthread_create   -o CMakeFiles/cmTC_0eb5e.dir/CheckFunctionExists.c.o   -c /usr/share/cmake-3.10/Modules/CheckFunctionExists.c
Linking C executable cmTC_0eb5e
/usr/bin/cmake -E cmake_link_script CMakeFiles/cmTC_0eb5e.dir/link.txt --verbose=1
/usr/bin/cc  -DCHECK_FUNCTION_EXISTS=pthread_create    -rdynamic CMakeFiles/cmTC_0eb5e.dir/CheckFunctionExists.c.o  -o cmTC_0eb5e -lpthreads 
/usr/bin/ld: cannot find -lpthreads
collect2: error: ld returned 1 exit status
CMakeFiles/cmTC_0eb5e.dir/build.make:97: recipe for target 'cmTC_0eb5e' failed
make[1]: *** [cmTC_0eb5e] Error 1
make[1]: Leaving directory '/home/mivia/ROS_Robotic_Ecercises/Exercise3/build/forward_kinematic_srv/CMakeFiles/CMakeTmp'
Makefile:126: recipe for target 'cmTC_0eb5e/fast' failed
make: *** [cmTC_0eb5e/fast] Error 2


