Determining if the pthread_create exist failed with the following output:
Change Dir: /home/mivia/ROS_Robotic_Ecercises/Exercise2/build/fanuc_description/CMakeFiles/CMakeTmp

Run Build Command:"/usr/bin/make" "cmTC_3383d/fast"
/usr/bin/make -f CMakeFiles/cmTC_3383d.dir/build.make CMakeFiles/cmTC_3383d.dir/build
make[1]: Entering directory '/home/mivia/ROS_Robotic_Ecercises/Exercise2/build/fanuc_description/CMakeFiles/CMakeTmp'
Building C object CMakeFiles/cmTC_3383d.dir/CheckSymbolExists.c.o
/usr/bin/cc    -o CMakeFiles/cmTC_3383d.dir/CheckSymbolExists.c.o   -c /home/mivia/ROS_Robotic_Ecercises/Exercise2/build/fanuc_description/CMakeFiles/CMakeTmp/CheckSymbolExists.c
Linking C executable cmTC_3383d
/usr/bin/cmake -E cmake_link_script CMakeFiles/cmTC_3383d.dir/link.txt --verbose=1
/usr/bin/cc      -rdynamic CMakeFiles/cmTC_3383d.dir/CheckSymbolExists.c.o  -o cmTC_3383d 
CMakeFiles/cmTC_3383d.dir/CheckSymbolExists.c.o: In function `main':
CheckSymbolExists.c:(.text+0x1b): undefined reference to `pthread_create'
collect2: error: ld returned 1 exit status
CMakeFiles/cmTC_3383d.dir/build.make:97: recipe for target 'cmTC_3383d' failed
make[1]: *** [cmTC_3383d] Error 1
make[1]: Leaving directory '/home/mivia/ROS_Robotic_Ecercises/Exercise2/build/fanuc_description/CMakeFiles/CMakeTmp'
Makefile:126: recipe for target 'cmTC_3383d/fast' failed
make: *** [cmTC_3383d/fast] Error 2

File /home/mivia/ROS_Robotic_Ecercises/Exercise2/build/fanuc_description/CMakeFiles/CMakeTmp/CheckSymbolExists.c:
/* */
#include <pthread.h>

int main(int argc, char** argv)
{
  (void)argv;
#ifndef pthread_create
  return ((int*)(&pthread_create))[argc];
#else
  (void)argc;
  return 0;
#endif
}

Determining if the function pthread_create exists in the pthreads failed with the following output:
Change Dir: /home/mivia/ROS_Robotic_Ecercises/Exercise2/build/fanuc_description/CMakeFiles/CMakeTmp

Run Build Command:"/usr/bin/make" "cmTC_f654b/fast"
/usr/bin/make -f CMakeFiles/cmTC_f654b.dir/build.make CMakeFiles/cmTC_f654b.dir/build
make[1]: Entering directory '/home/mivia/ROS_Robotic_Ecercises/Exercise2/build/fanuc_description/CMakeFiles/CMakeTmp'
Building C object CMakeFiles/cmTC_f654b.dir/CheckFunctionExists.c.o
/usr/bin/cc   -DCHECK_FUNCTION_EXISTS=pthread_create   -o CMakeFiles/cmTC_f654b.dir/CheckFunctionExists.c.o   -c /usr/share/cmake-3.10/Modules/CheckFunctionExists.c
Linking C executable cmTC_f654b
/usr/bin/cmake -E cmake_link_script CMakeFiles/cmTC_f654b.dir/link.txt --verbose=1
/usr/bin/cc  -DCHECK_FUNCTION_EXISTS=pthread_create    -rdynamic CMakeFiles/cmTC_f654b.dir/CheckFunctionExists.c.o  -o cmTC_f654b -lpthreads 
/usr/bin/ld: cannot find -lpthreads
collect2: error: ld returned 1 exit status
CMakeFiles/cmTC_f654b.dir/build.make:97: recipe for target 'cmTC_f654b' failed
make[1]: *** [cmTC_f654b] Error 1
make[1]: Leaving directory '/home/mivia/ROS_Robotic_Ecercises/Exercise2/build/fanuc_description/CMakeFiles/CMakeTmp'
Makefile:126: recipe for target 'cmTC_f654b/fast' failed
make: *** [cmTC_f654b/fast] Error 2


